<?xml version="1.0" encoding="UTF-8"?>
<testsuite name="APIAutomationFramworkATB7x"
           tests="3"
           failures="0"
           errors="0"
           skipped="0"
           time="0.102">
    <properties></properties>



            <testcase
                name="testDeleteBookingById"
                time="0.008"
                classname="com.testingacademy.teste.integration.TCIntegrationSample2">
            </testcase>
            <testcase
                name="testCreateBooking"
                time="0.088"
                classname="com.testingacademy.teste.integration.TCIntegrationSample2">
            </testcase>
            <testcase
                name="testVerifyBookingId"
                time="0.006"
                classname="com.testingacademy.teste.integration.TCIntegrationSample2">
            </testcase>
</testsuite>
